<?xml version="1.0" encoding="UTF-8"?>
<testsuite name="com.tatiana.gsl.domain.service.UserServiceTest" tests="1" skipped="0" failures="0" errors="0" timestamp="2022-01-29T22:04:58" hostname="pandoras-box" time="0.457">
  <properties/>
  <testcase name="checkPassword()" classname="com.tatiana.gsl.domain.service.UserServiceTest" time="0.457"/>
  <system-out><![CDATA[]]></system-out>
  <system-err><![CDATA[]]></system-err>
</testsuite>
