<?xml version="1.0" encoding="UTF-8"?>
<testsuite name="com.tatiana.gsl.GslApplicationTests" tests="1" skipped="0" failures="0" errors="0" timestamp="2022-02-06T17:32:39" hostname="pandoras-box" time="0.259">
  <properties/>
  <testcase name="contextLoads()" classname="com.tatiana.gsl.GslApplicationTests" time="0.259"/>
  <system-out><![CDATA[18:32:38.184 [Test worker] DEBUG org.springframework.test.context.BootstrapUtils - Instantiating CacheAwareContextLoaderDelegate from class [org.springframework.test.context.cache.DefaultCacheAwareContextLoaderDelegate]
18:32:38.193 [Test worker] DEBUG org.springframework.test.context.BootstrapUtils - Instantiating BootstrapContext using constructor [public org.springframework.test.context.support.DefaultBootstrapContext(java.lang.Class,org.springframework.test.context.CacheAwareContextLoaderDelegate)]
18:32:38.230 [Test worker] DEBUG org.springframework.test.context.BootstrapUtils - Instantiating TestContextBootstrapper for test class [com.tatiana.gsl.GslApplicationTests] from class [org.springframework.boot.test.context.SpringBootTestContextBootstrapper]
18:32:38.238 [Test worker] INFO org.springframework.boot.test.context.SpringBootTestContextBootstrapper - Neither @ContextConfiguration nor @ContextHierarchy found for test class [com.tatiana.gsl.GslApplicationTests], using SpringBootContextLoader
18:32:38.241 [Test worker] DEBUG org.springframework.test.context.support.AbstractContextLoader - Did not detect default resource location for test class [com.tatiana.gsl.GslApplicationTests]: class path resource [com/tatiana/gsl/GslApplicationTests-context.xml] does not exist
18:32:38.241 [Test worker] DEBUG org.springframework.test.context.support.AbstractContextLoader - Did not detect default resource location for test class [com.tatiana.gsl.GslApplicationTests]: class path resource [com/tatiana/gsl/GslApplicationTestsContext.groovy] does not exist
18:32:38.242 [Test worker] INFO org.springframework.test.context.support.AbstractContextLoader - Could not detect default resource locations for test class [com.tatiana.gsl.GslApplicationTests]: no resource found for suffixes {-context.xml, Context.groovy}.
18:32:38.242 [Test worker] INFO org.springframework.test.context.support.AnnotationConfigContextLoaderUtils - Could not detect default configuration classes for test class [com.tatiana.gsl.GslApplicationTests]: GslApplicationTests does not declare any static, non-private, non-final, nested classes annotated with @Configuration.
18:32:38.276 [Test worker] DEBUG org.springframework.test.context.support.ActiveProfilesUtils - Could not find an 'annotation declaring class' for annotation type [org.springframework.test.context.ActiveProfiles] and class [com.tatiana.gsl.GslApplicationTests]
18:32:38.321 [Test worker] DEBUG org.springframework.context.annotation.ClassPathScanningCandidateComponentProvider - Identified candidate component class: file [/home/pan/git/1a/build/classes/java/main/com/tatiana/gsl/GslApplication.class]
18:32:38.322 [Test worker] INFO org.springframework.boot.test.context.SpringBootTestContextBootstrapper - Found @SpringBootConfiguration com.tatiana.gsl.GslApplication for test class com.tatiana.gsl.GslApplicationTests
18:32:38.387 [Test worker] DEBUG org.springframework.boot.test.context.SpringBootTestContextBootstrapper - @TestExecutionListeners is not present for class [com.tatiana.gsl.GslApplicationTests]: using defaults.
18:32:38.388 [Test worker] INFO org.springframework.boot.test.context.SpringBootTestContextBootstrapper - Loaded default TestExecutionListener class names from location [META-INF/spring.factories]: [org.springframework.boot.test.autoconfigure.restdocs.RestDocsTestExecutionListener, org.springframework.boot.test.autoconfigure.web.client.MockRestServiceServerResetTestExecutionListener, org.springframework.boot.test.autoconfigure.web.servlet.MockMvcPrintOnlyOnFailureTestExecutionListener, org.springframework.boot.test.autoconfigure.web.servlet.WebDriverTestExecutionListener, org.springframework.boot.test.autoconfigure.webservices.client.MockWebServiceServerTestExecutionListener, org.springframework.boot.test.mock.mockito.MockitoTestExecutionListener, org.springframework.boot.test.mock.mockito.ResetMocksTestExecutionListener, org.springframework.test.context.web.ServletTestExecutionListener, org.springframework.test.context.support.DirtiesContextBeforeModesTestExecutionListener, org.springframework.test.context.event.ApplicationEventsTestExecutionListener, org.springframework.test.context.support.DependencyInjectionTestExecutionListener, org.springframework.test.context.support.DirtiesContextTestExecutionListener, org.springframework.test.context.transaction.TransactionalTestExecutionListener, org.springframework.test.context.jdbc.SqlScriptsTestExecutionListener, org.springframework.test.context.event.EventPublishingTestExecutionListener]
18:32:38.398 [Test worker] DEBUG org.springframework.boot.test.context.SpringBootTestContextBootstrapper - Skipping candidate TestExecutionListener [org.springframework.test.context.transaction.TransactionalTestExecutionListener] due to a missing dependency. Specify custom listener classes or make the default listener classes and their required dependencies available. Offending class: [org/springframework/transaction/interceptor/TransactionAttributeSource]
18:32:38.399 [Test worker] DEBUG org.springframework.boot.test.context.SpringBootTestContextBootstrapper - Skipping candidate TestExecutionListener [org.springframework.test.context.jdbc.SqlScriptsTestExecutionListener] due to a missing dependency. Specify custom listener classes or make the default listener classes and their required dependencies available. Offending class: [org/springframework/transaction/interceptor/TransactionAttribute]
18:32:38.400 [Test worker] INFO org.springframework.boot.test.context.SpringBootTestContextBootstrapper - Using TestExecutionListeners: [org.springframework.test.context.web.ServletTestExecutionListener@aa549e5, org.springframework.test.context.support.DirtiesContextBeforeModesTestExecutionListener@36f48b4, org.springframework.test.context.event.ApplicationEventsTestExecutionListener@5c00384f, org.springframework.boot.test.mock.mockito.MockitoTestExecutionListener@3b7ff809, org.springframework.boot.test.autoconfigure.SpringBootDependencyInjectionTestExecutionListener@1bb564e2, org.springframework.test.context.support.DirtiesContextTestExecutionListener@62e6b5c8, org.springframework.test.context.event.EventPublishingTestExecutionListener@3f792b9b, org.springframework.boot.test.autoconfigure.restdocs.RestDocsTestExecutionListener@7b8233cd, org.springframework.boot.test.autoconfigure.web.client.MockRestServiceServerResetTestExecutionListener@4b20ca2b, org.springframework.boot.test.autoconfigure.web.servlet.MockMvcPrintOnlyOnFailureTestExecutionListener@1cbf6e72, org.springframework.boot.test.autoconfigure.web.servlet.WebDriverTestExecutionListener@6aecbb8d, org.springframework.boot.test.autoconfigure.webservices.client.MockWebServiceServerTestExecutionListener@1af146, org.springframework.boot.test.mock.mockito.ResetMocksTestExecutionListener@4da602fc]
18:32:38.404 [Test worker] DEBUG org.springframework.test.context.support.AbstractDirtiesContextTestExecutionListener - Before test class: context [DefaultTestContext@6cfcd46d testClass = GslApplicationTests, testInstance = [null], testMethod = [null], testException = [null], mergedContextConfiguration = [WebMergedContextConfiguration@52045dbe testClass = GslApplicationTests, locations = '{}', classes = '{class com.tatiana.gsl.GslApplication}', contextInitializerClasses = '[]', activeProfiles = '{}', propertySourceLocations = '{}', propertySourceProperties = '{org.springframework.boot.test.context.SpringBootTestContextBootstrapper=true}', contextCustomizers = set[org.springframework.boot.test.autoconfigure.actuate.metrics.MetricsExportContextCustomizerFactory$DisableMetricExportContextCustomizer@13d4992d, org.springframework.boot.test.autoconfigure.properties.PropertyMappingContextCustomizer@0, org.springframework.boot.test.autoconfigure.web.servlet.WebDriverContextCustomizerFactory$Customizer@2141a12, org.springframework.boot.test.context.filter.ExcludeFilterContextCustomizer@573906eb, org.springframework.boot.test.json.DuplicateJsonObjectContextCustomizerFactory$DuplicateJsonObjectContextCustomizer@571c5681, org.springframework.boot.test.mock.mockito.MockitoContextCustomizer@0, org.springframework.boot.test.web.client.TestRestTemplateContextCustomizer@71329995, org.springframework.boot.test.context.SpringBootTestArgs@1, org.springframework.boot.test.context.SpringBootTestWebEnvironment@131ef10], resourceBasePath = 'src/main/webapp', contextLoader = 'org.springframework.boot.test.context.SpringBootContextLoader', parent = [null]], attributes = map['org.springframework.test.context.web.ServletTestExecutionListener.activateListener' -> true]], class annotated with @DirtiesContext [false] with mode [null].
18:32:38.425 [Test worker] DEBUG org.springframework.test.context.support.TestPropertySourceUtils - Adding inlined properties to environment: {spring.jmx.enabled=false, org.springframework.boot.test.context.SpringBootTestContextBootstrapper=true}

  .   ____          _            __ _ _
 /\\ / ___'_ __ _ _(_)_ __  __ _ \ \ \ \
( ( )\___ | '_ | '_| | '_ \/ _` | \ \ \ \
 \\/  ___)| |_)| | | | | || (_| |  ) ) ) )
  '  |____| .__|_| |_|_| |_\__, | / / / /
 =========|_|==============|___/=/_/_/_/
 :: Spring Boot ::                (v2.5.5)

2022-02-06 18:32:38.653  INFO 27370 --- [    Test worker] com.tatiana.gsl.GslApplicationTests      : Starting GslApplicationTests using Java 11.0.11 on pandoras-box with PID 27370 (started by pan in /home/pan/git/1a)
2022-02-06 18:32:38.669  INFO 27370 --- [    Test worker] com.tatiana.gsl.GslApplicationTests      : No active profile set, falling back to default profiles: default
2022-02-06 18:32:39.856  INFO 27370 --- [    Test worker] com.tatiana.gsl.GslApplicationTests      : Started GslApplicationTests in 1.423 seconds (JVM running for 2.342)
]]></system-out>
  <system-err><![CDATA[]]></system-err>
</testsuite>
